  [1m[36m (0.9ms)[0m  [1mCREATE TABLE "schema_migrations" ("version" varchar NOT NULL) [0m
  [1m[35m (0.1ms)[0m  select sqlite_version(*)
  [1m[36m (0.7ms)[0m  [1mCREATE UNIQUE INDEX "unique_schema_migrations" ON "schema_migrations" ("version")[0m
  [1m[35mActiveRecord::SchemaMigration Load (0.1ms)[0m  SELECT "schema_migrations".* FROM "schema_migrations"
Migrating to CreateBlogs (20150909212250)
  [1m[36m (0.1ms)[0m  [1mbegin transaction[0m
  [1m[35m (0.4ms)[0m  CREATE TABLE "blogs" ("id" INTEGER PRIMARY KEY AUTOINCREMENT NOT NULL, "title" varchar, "body" text, "author" varchar, "private" boolean, "created_at" datetime NOT NULL, "updated_at" datetime NOT NULL) 
  [1m[36mSQL (0.2ms)[0m  [1mINSERT INTO "schema_migrations" ("version") VALUES (?)[0m  [["version", "20150909212250"]]
  [1m[35m (0.7ms)[0m  commit transaction
Migrating to DeviseCreateUsers (20150909220901)
  [1m[36m (0.1ms)[0m  [1mbegin transaction[0m
  [1m[35m (0.3ms)[0m  CREATE TABLE "users" ("id" INTEGER PRIMARY KEY AUTOINCREMENT NOT NULL, "email" varchar DEFAULT '' NOT NULL, "encrypted_password" varchar DEFAULT '' NOT NULL, "reset_password_token" varchar, "reset_password_sent_at" datetime, "remember_created_at" datetime, "sign_in_count" integer DEFAULT 0 NOT NULL, "current_sign_in_at" datetime, "last_sign_in_at" datetime, "current_sign_in_ip" varchar, "last_sign_in_ip" varchar, "created_at" datetime NOT NULL, "updated_at" datetime NOT NULL) 
  [1m[36m (0.3ms)[0m  [1mCREATE UNIQUE INDEX "index_users_on_email" ON "users" ("email")[0m
  [1m[35m (0.1ms)[0m              SELECT sql
            FROM sqlite_master
            WHERE name='index_users_on_email' AND type='index'
            UNION ALL
            SELECT sql
            FROM sqlite_temp_master
            WHERE name='index_users_on_email' AND type='index'

  [1m[36m (0.1ms)[0m  [1mCREATE UNIQUE INDEX "index_users_on_reset_password_token" ON "users" ("reset_password_token")[0m
  [1m[35mSQL (0.1ms)[0m  INSERT INTO "schema_migrations" ("version") VALUES (?)  [["version", "20150909220901"]]
  [1m[36m (0.7ms)[0m  [1mcommit transaction[0m
Migrating to AddDetailsToUsers (20150909221521)
  [1m[35m (0.1ms)[0m  begin transaction
  [1m[36m (1.3ms)[0m  [1mALTER TABLE "users" ADD "name" varchar[0m
  [1m[35m (0.2ms)[0m  ALTER TABLE "users" ADD "image_url" varchar
  [1m[36mSQL (0.1ms)[0m  [1mINSERT INTO "schema_migrations" ("version") VALUES (?)[0m  [["version", "20150909221521"]]
  [1m[35m (0.6ms)[0m  commit transaction
Migrating to AddUserIdToBlogs (20150910020752)
  [1m[36m (0.1ms)[0m  [1mbegin transaction[0m
  [1m[35m (0.3ms)[0m  ALTER TABLE "blogs" ADD "user_id" integer
  [1m[36mSQL (0.1ms)[0m  [1mINSERT INTO "schema_migrations" ("version") VALUES (?)[0m  [["version", "20150910020752"]]
  [1m[35m (0.6ms)[0m  commit transaction
  [1m[36mActiveRecord::SchemaMigration Load (0.1ms)[0m  [1mSELECT "schema_migrations".* FROM "schema_migrations"[0m
  [1m[35m (0.1ms)[0m              SELECT sql
            FROM sqlite_master
            WHERE name='index_users_on_reset_password_token' AND type='index'
            UNION ALL
            SELECT sql
            FROM sqlite_temp_master
            WHERE name='index_users_on_reset_password_token' AND type='index'

  [1m[36m (0.1ms)[0m  [1m            SELECT sql
            FROM sqlite_master
            WHERE name='index_users_on_email' AND type='index'
            UNION ALL
            SELECT sql
            FROM sqlite_temp_master
            WHERE name='index_users_on_email' AND type='index'
[0m


Started GET "/" for ::1 at 2015-09-14 20:30:24 -0700
  [1m[36mActiveRecord::SchemaMigration Load (0.4ms)[0m  [1mSELECT "schema_migrations".* FROM "schema_migrations"[0m
Processing by HomeController#index as HTML
  Rendered devise/registrations/_new.html.erb (208.0ms)
  Rendered home/index.html.erb within layouts/application (213.9ms)
  Rendered layouts/_message.html.erb (0.7ms)
Completed 200 OK in 5129ms (Views: 5125.3ms | ActiveRecord: 0.3ms)


Started GET "/assets/blogs.self-e3b0c44298fc1c149afbf4c8996fb92427ae41e4649b934ca495991b7852b855.css?body=1" for ::1 at 2015-09-14 20:30:30 -0700


Started GET "/assets/home.self-e3b0c44298fc1c149afbf4c8996fb92427ae41e4649b934ca495991b7852b855.css?body=1" for ::1 at 2015-09-14 20:30:30 -0700


Started GET "/assets/users.self-e3b0c44298fc1c149afbf4c8996fb92427ae41e4649b934ca495991b7852b855.css?body=1" for ::1 at 2015-09-14 20:30:30 -0700


Started GET "/assets/blogs.self-877aef30ae1b040ab8a3aba4e3e309a11d7f2612f44dde450b5c157aa5f95c05.js?body=1" for ::1 at 2015-09-14 20:30:30 -0700


Started GET "/assets/home.self-877aef30ae1b040ab8a3aba4e3e309a11d7f2612f44dde450b5c157aa5f95c05.js?body=1" for ::1 at 2015-09-14 20:30:30 -0700


Started GET "/assets/users.self-877aef30ae1b040ab8a3aba4e3e309a11d7f2612f44dde450b5c157aa5f95c05.js?body=1" for ::1 at 2015-09-14 20:30:30 -0700


Started POST "/users" for ::1 at 2015-09-14 20:30:50 -0700
Processing by Users::RegistrationsController#create as HTML
  Parameters: {"utf8"=>"✓", "authenticity_token"=>"UF/R1CnKSkjG/ym3PBBK+vMJGPBVSvNmMdW39WWDtklgpPx7kgydNCtw2FKrOy0h8avhuYb2krqDkp32KVNjqQ==", "user"=>{"name"=>"Gaard", "email"=>"beep@boop.com", "password"=>"[FILTERED]", "password_confirmation"=>"[FILTERED]"}, "commit"=>"Sign up"}
  [1m[35m (0.1ms)[0m  begin transaction
  [1m[36mUser Exists (0.5ms)[0m  [1mSELECT  1 AS one FROM "users" WHERE "users"."email" = 'beep@boop.com' LIMIT 1[0m
  [1m[35mSQL (1.4ms)[0m  INSERT INTO "users" ("email", "encrypted_password", "name", "created_at", "updated_at") VALUES (?, ?, ?, ?, ?)  [["email", "beep@boop.com"], ["encrypted_password", "$2a$10$bKjeF/DjAuSkCUivlinD5OHQ8eFTVzrCb2EHMdWm8GnRH7xdMz04W"], ["name", "Gaard"], ["created_at", "2015-09-15 03:30:50.425256"], ["updated_at", "2015-09-15 03:30:50.425256"]]
  [1m[36m (0.7ms)[0m  [1mcommit transaction[0m
  [1m[35m (0.1ms)[0m  begin transaction
  [1m[36mSQL (0.3ms)[0m  [1mUPDATE "users" SET "last_sign_in_at" = ?, "current_sign_in_at" = ?, "last_sign_in_ip" = ?, "current_sign_in_ip" = ?, "sign_in_count" = ?, "updated_at" = ? WHERE "users"."id" = ?[0m  [["last_sign_in_at", "2015-09-15 03:30:50.429506"], ["current_sign_in_at", "2015-09-15 03:30:50.429506"], ["last_sign_in_ip", "::1"], ["current_sign_in_ip", "::1"], ["sign_in_count", 1], ["updated_at", "2015-09-15 03:30:50.430085"], ["id", 1]]
  [1m[35m (0.6ms)[0m  commit transaction
Redirected to http://localhost:3000/users/1
Completed 302 Found in 121ms (ActiveRecord: 3.7ms)


Started GET "/users/1" for ::1 at 2015-09-14 20:30:50 -0700
Processing by UsersController#show as HTML
  Parameters: {"id"=>"1"}
  [1m[36mUser Load (0.2ms)[0m  [1mSELECT  "users".* FROM "users" WHERE "users"."id" = ?  ORDER BY "users"."id" ASC LIMIT 1[0m  [["id", 1]]
  [1m[35mBlog Load (0.6ms)[0m  SELECT "blogs".* FROM "blogs" WHERE "blogs"."user_id" = ?  [["user_id", 1]]
  Rendered users/show.html.erb within layouts/application (3.5ms)
  Rendered layouts/_message.html.erb (0.2ms)
Completed 200 OK in 141ms (Views: 121.2ms | ActiveRecord: 0.8ms)


Started GET "/blogs" for ::1 at 2015-09-14 20:31:16 -0700
Processing by BlogsController#index as HTML
  [1m[36mUser Load (0.1ms)[0m  [1mSELECT  "users".* FROM "users" WHERE "users"."id" = ?  ORDER BY "users"."id" ASC LIMIT 1[0m  [["id", 1]]
  [1m[35mBlog Load (0.2ms)[0m  SELECT "blogs".* FROM "blogs"
  Rendered blogs/index.html.erb within layouts/application (1.5ms)
  Rendered layouts/_message.html.erb (0.7ms)
Completed 200 OK in 192ms (Views: 189.5ms | ActiveRecord: 0.4ms)


Started GET "/blogs/new" for ::1 at 2015-09-14 20:31:21 -0700
Processing by BlogsController#new as HTML
  [1m[36mUser Load (0.1ms)[0m  [1mSELECT  "users".* FROM "users" WHERE "users"."id" = ?  ORDER BY "users"."id" ASC LIMIT 1[0m  [["id", 1]]
  Rendered blogs/new.html.erb within layouts/application (52.9ms)
  Rendered layouts/_message.html.erb (0.1ms)
Completed 200 OK in 197ms (Views: 188.4ms | ActiveRecord: 0.2ms)


Started POST "/blogs" for ::1 at 2015-09-14 20:31:27 -0700
Processing by BlogsController#create as HTML
  Parameters: {"utf8"=>"✓", "authenticity_token"=>"g0YzmqJp7LU4V0EysEJm3+5vjieNZp2Kf5PLiUXRuaizvR41Ga87ydXYsNcnaQEE7M13bl7a/FbN1OGKCQFsSA==", "blog"=>{"title"=>"wowe", "body"=>"doge", "user_id"=>"1"}, "commit"=>"Create Blog"}
  [1m[35mUser Load (0.2ms)[0m  SELECT  "users".* FROM "users" WHERE "users"."id" = ?  ORDER BY "users"."id" ASC LIMIT 1  [["id", 1]]
  [1m[36m (0.1ms)[0m  [1mbegin transaction[0m
  [1m[35mSQL (1.8ms)[0m  INSERT INTO "blogs" ("title", "body", "user_id", "created_at", "updated_at") VALUES (?, ?, ?, ?, ?)  [["title", "wowe"], ["body", "doge"], ["user_id", 1], ["created_at", "2015-09-15 03:31:27.715656"], ["updated_at", "2015-09-15 03:31:27.715656"]]
  [1m[36m (1.0ms)[0m  [1mcommit transaction[0m
Redirected to http://localhost:3000/users/1
Completed 302 Found in 17ms (ActiveRecord: 3.0ms)


Started GET "/users/1" for ::1 at 2015-09-14 20:31:27 -0700
Processing by UsersController#show as HTML
  Parameters: {"id"=>"1"}
  [1m[35mUser Load (0.2ms)[0m  SELECT  "users".* FROM "users" WHERE "users"."id" = ?  ORDER BY "users"."id" ASC LIMIT 1  [["id", 1]]
  [1m[36mBlog Load (0.1ms)[0m  [1mSELECT "blogs".* FROM "blogs" WHERE "blogs"."user_id" = ?[0m  [["user_id", 1]]
  Rendered users/show.html.erb within layouts/application (15.7ms)
  Rendered layouts/_message.html.erb (0.1ms)
Completed 200 OK in 200ms (Views: 189.1ms | ActiveRecord: 0.3ms)


Started GET "/blogs" for ::1 at 2015-09-14 20:31:34 -0700
Processing by BlogsController#index as HTML
  [1m[35mUser Load (0.1ms)[0m  SELECT  "users".* FROM "users" WHERE "users"."id" = ?  ORDER BY "users"."id" ASC LIMIT 1  [["id", 1]]
  [1m[36mBlog Load (0.1ms)[0m  [1mSELECT "blogs".* FROM "blogs"[0m
  Rendered blogs/index.html.erb within layouts/application (0.8ms)
  Rendered layouts/_message.html.erb (0.1ms)
Completed 200 OK in 123ms (Views: 121.6ms | ActiveRecord: 0.2ms)


Started GET "/blogs/1" for ::1 at 2015-09-14 20:31:35 -0700
Processing by BlogsController#show as HTML
  Parameters: {"id"=>"1"}
  [1m[35mUser Load (0.1ms)[0m  SELECT  "users".* FROM "users" WHERE "users"."id" = ?  ORDER BY "users"."id" ASC LIMIT 1  [["id", 1]]
  [1m[36mBlog Load (0.1ms)[0m  [1mSELECT  "blogs".* FROM "blogs" WHERE "blogs"."id" = ? LIMIT 1[0m  [["id", 1]]
  Rendered blogs/show.html.erb within layouts/application (0.5ms)
  Rendered layouts/_message.html.erb (0.1ms)
Completed 200 OK in 109ms (Views: 107.4ms | ActiveRecord: 0.2ms)


Started GET "/users/edit" for ::1 at 2015-09-14 20:31:38 -0700
Processing by Users::RegistrationsController#edit as HTML
  [1m[35mUser Load (0.1ms)[0m  SELECT  "users".* FROM "users" WHERE "users"."id" = ?  ORDER BY "users"."id" ASC LIMIT 1  [["id", 1]]
  Rendered devise/registrations/edit.html.erb within layouts/application (99.0ms)
  Rendered layouts/_message.html.erb (0.1ms)
Completed 200 OK in 236ms (Views: 234.5ms | ActiveRecord: 0.1ms)


Started DELETE "/users" for ::1 at 2015-09-14 20:31:46 -0700
Processing by Users::RegistrationsController#destroy as HTML
  Parameters: {"authenticity_token"=>"t01cuqhua4LhMESh5ZbN9wrFigp/mDZmUDCmbcLFIryHtnEVE6i8/gy/tURyvaosCGdzQ6wkV7rid4xujhX3XA=="}
  [1m[36mUser Load (0.1ms)[0m  [1mSELECT  "users".* FROM "users" WHERE "users"."id" = ?  ORDER BY "users"."id" ASC LIMIT 1[0m  [["id", 1]]
  [1m[35m (0.1ms)[0m  begin transaction
  [1m[36mSQL (0.7ms)[0m  [1mDELETE FROM "users" WHERE "users"."id" = ?[0m  [["id", 1]]
  [1m[35m (8.2ms)[0m  commit transaction
Redirected to http://localhost:3000/
Completed 302 Found in 17ms (ActiveRecord: 9.1ms)


Started GET "/" for ::1 at 2015-09-14 20:31:46 -0700
Processing by HomeController#index as HTML
  Rendered devise/registrations/_new.html.erb (118.8ms)
  Rendered home/index.html.erb within layouts/application (121.4ms)
  Rendered layouts/_message.html.erb (0.1ms)
Completed 200 OK in 230ms (Views: 229.6ms | ActiveRecord: 0.0ms)


Started GET "/users/sign_in" for ::1 at 2015-09-14 20:31:54 -0700
Processing by Users::SessionsController#new as HTML
  Rendered devise/shared/_links.html.erb (1.4ms)
  Rendered devise/sessions/new.html.erb within layouts/application (158.8ms)
  Rendered layouts/_message.html.erb (0.1ms)
Completed 200 OK in 307ms (Views: 304.8ms | ActiveRecord: 0.0ms)


Started POST "/users/sign_in" for ::1 at 2015-09-14 20:31:57 -0700
Processing by Users::SessionsController#create as HTML
  Parameters: {"utf8"=>"✓", "authenticity_token"=>"+6u3tLXt3rZkoPphBK9T8QHbXH2zVf9hVx+l1H5rmqJpBCGi4n445HJPFFtAvZDMkRDzZlL0lq6n5nOzCESyyw==", "user"=>{"email"=>"beep@boop.com", "password"=>"[FILTERED]", "remember_me"=>"0"}, "commit"=>"Log in"}
  [1m[36mUser Load (0.2ms)[0m  [1mSELECT  "users".* FROM "users" WHERE "users"."email" = ?  ORDER BY "users"."id" ASC LIMIT 1[0m  [["email", "beep@boop.com"]]
Completed 401 Unauthorized in 3ms (ActiveRecord: 0.2ms)
Processing by Users::SessionsController#new as HTML
  Parameters: {"utf8"=>"✓", "authenticity_token"=>"+6u3tLXt3rZkoPphBK9T8QHbXH2zVf9hVx+l1H5rmqJpBCGi4n445HJPFFtAvZDMkRDzZlL0lq6n5nOzCESyyw==", "user"=>{"email"=>"beep@boop.com", "password"=>"[FILTERED]", "remember_me"=>"0"}, "commit"=>"Log in"}
  Rendered devise/shared/_links.html.erb (0.3ms)
  Rendered devise/sessions/new.html.erb within layouts/application (137.0ms)
  Rendered layouts/_message.html.erb (0.1ms)
Completed 200 OK in 326ms (Views: 246.8ms | ActiveRecord: 0.0ms)
